Determining if the pthread_create exist failed with the following output:
Change Dir: /data2/HongliangHe/Tsinghua_Tencent_100K/HardMining_caffe/caffe/CMakeFiles/CMakeTmp

Run Build Command:/usr/bin/make "cmTryCompileExec3835117941/fast"
/usr/bin/make -f CMakeFiles/cmTryCompileExec3835117941.dir/build.make CMakeFiles/cmTryCompileExec3835117941.dir/build
make[1]: Entering directory `/data2/HongliangHe/Tsinghua_Tencent_100K/HardMining_caffe/caffe/CMakeFiles/CMakeTmp'
/usr/bin/cmake -E cmake_progress_report /data2/HongliangHe/Tsinghua_Tencent_100K/HardMining_caffe/caffe/CMakeFiles/CMakeTmp/CMakeFiles 1
Building C object CMakeFiles/cmTryCompileExec3835117941.dir/CheckSymbolExists.c.o
/usr/bin/cc    -o CMakeFiles/cmTryCompileExec3835117941.dir/CheckSymbolExists.c.o   -c /data2/HongliangHe/Tsinghua_Tencent_100K/HardMining_caffe/caffe/CMakeFiles/CMakeTmp/CheckSymbolExists.c
Linking C executable cmTryCompileExec3835117941
/usr/bin/cmake -E cmake_link_script CMakeFiles/cmTryCompileExec3835117941.dir/link.txt --verbose=1
/usr/bin/cc       CMakeFiles/cmTryCompileExec3835117941.dir/CheckSymbolExists.c.o  -o cmTryCompileExec3835117941 -rdynamic 
CMakeFiles/cmTryCompileExec3835117941.dir/CheckSymbolExists.c.o: In function `main':
CheckSymbolExists.c:(.text+0x16): undefined reference to `pthread_create'
collect2: error: ld returned 1 exit status
make[1]: *** [cmTryCompileExec3835117941] Error 1
make[1]: Leaving directory `/data2/HongliangHe/Tsinghua_Tencent_100K/HardMining_caffe/caffe/CMakeFiles/CMakeTmp'
make: *** [cmTryCompileExec3835117941/fast] Error 2

File /data2/HongliangHe/Tsinghua_Tencent_100K/HardMining_caffe/caffe/CMakeFiles/CMakeTmp/CheckSymbolExists.c:
/* */
#include <pthread.h>

int main(int argc, char** argv)
{
  (void)argv;
#ifndef pthread_create
  return ((int*)(&pthread_create))[argc];
#else
  (void)argc;
  return 0;
#endif
}

Determining if the function pthread_create exists in the pthreads failed with the following output:
Change Dir: /data2/HongliangHe/Tsinghua_Tencent_100K/HardMining_caffe/caffe/CMakeFiles/CMakeTmp

Run Build Command:/usr/bin/make "cmTryCompileExec2297584168/fast"
/usr/bin/make -f CMakeFiles/cmTryCompileExec2297584168.dir/build.make CMakeFiles/cmTryCompileExec2297584168.dir/build
make[1]: Entering directory `/data2/HongliangHe/Tsinghua_Tencent_100K/HardMining_caffe/caffe/CMakeFiles/CMakeTmp'
/usr/bin/cmake -E cmake_progress_report /data2/HongliangHe/Tsinghua_Tencent_100K/HardMining_caffe/caffe/CMakeFiles/CMakeTmp/CMakeFiles 1
Building C object CMakeFiles/cmTryCompileExec2297584168.dir/CheckFunctionExists.c.o
/usr/bin/cc   -DCHECK_FUNCTION_EXISTS=pthread_create   -o CMakeFiles/cmTryCompileExec2297584168.dir/CheckFunctionExists.c.o   -c /usr/share/cmake-2.8/Modules/CheckFunctionExists.c
Linking C executable cmTryCompileExec2297584168
/usr/bin/cmake -E cmake_link_script CMakeFiles/cmTryCompileExec2297584168.dir/link.txt --verbose=1
/usr/bin/cc   -DCHECK_FUNCTION_EXISTS=pthread_create    CMakeFiles/cmTryCompileExec2297584168.dir/CheckFunctionExists.c.o  -o cmTryCompileExec2297584168 -rdynamic -lpthreads 
/usr/bin/ld: cannot find -lpthreads
collect2: error: ld returned 1 exit status
make[1]: *** [cmTryCompileExec2297584168] Error 1
make[1]: Leaving directory `/data2/HongliangHe/Tsinghua_Tencent_100K/HardMining_caffe/caffe/CMakeFiles/CMakeTmp'
make: *** [cmTryCompileExec2297584168/fast] Error 2


